<?xml version="1.0" encoding="UTF-8"?>
<!-- Generated by org.testng.reporters.JUnitReportReporter -->
<testsuite skipped="1" hostname="DESKTOP-BGTQG5D" name="API.E_Commerce" tests="4" failures="0" timestamp="2021-11-30T14:43:57 IST" time="12.111" errors="0">
  <testcase name="login" time="6.931" classname="API.E_Commerce"/>
  <system-out/>
  <testcase name="getusers" time="3.355" classname="API.E_Commerce"/>
  <system-out/>
  <testcase name="delete" time="1.825" classname="API.E_Commerce"/>
  <system-out/>
  <testcase name="signup" classname="API.E_Commerce">
    <skipped/>
  </testcase> <!-- signup -->
  <system-out/>
</testsuite> <!-- API.E_Commerce -->
