<?xml version="1.0" encoding="UTF-8"?>
<!-- Generated by org.testng.reporters.JUnitReportReporter -->
<testsuite skipped="0" hostname="DESKTOP-BGTQG5D" name="API.Demo" tests="3" failures="0" timestamp="2021-11-30T16:03:32 IST" time="6.335" errors="0">
  <testcase name="createboard" time="4.646" classname="API.Demo"/>
  <system-out/>
  <testcase name="getboard" time="0.701" classname="API.Demo"/>
  <system-out/>
  <testcase name="deleteboard" time="0.988" classname="API.Demo"/>
  <system-out/>
</testsuite> <!-- API.Demo -->
